<?xml version="1.0" encoding="UTF-8"?>
<TestRun id="05a7fba3-fcce-4b87-8162-1757b917ac02" name="Satya@MUNNI 2015-10-18 00:41:57" runUser="MUNNI\Satya" xmlns="http://microsoft.com/schemas/VisualStudio/TeamTest/2010">
  <TestSettings name="Local" id="40149abf-9c58-40c2-b6c8-6a2fb1e58608">
    <Description>These are default test settings for a local test run.</Description>
    <Deployment enabled="false" runDeploymentRoot="Satya_MUNNI 2015-10-18 00_41_57">
      <DeploymentItem filename="C:\Users\Satya\Desktop\SeleniumTest\SeleniumDriver\net40\WebDriver.dll" />
      <DeploymentItem filename="C:\Users\Satya\Desktop\SeleniumTest\SeleniumDriver\net40\WebDriver.Support.dll" />
      <DeploymentItem filename="C:\Users\Satya\Desktop\SeleniumTest\SeleniumDriver\net40\ThoughtWorks.Selenium.Core.dll" />
      <DeploymentItem filename="C:\Users\Satya\Desktop\SeleniumTest\SeleniumDriver\net40\Selenium.WebDriverBackedSelenium.dll" />
    </Deployment>
    <Execution>
      <TestTypeSpecific />
      <AgentRule name="Execution Agents">
      </AgentRule>
    </Execution>
  </TestSettings>
  <Times creation="2015-10-18T00:41:57.0676002+01:00" queuing="2015-10-18T00:41:58.1770334+01:00" start="2015-10-18T00:41:58.2551638+01:00" finish="2015-10-18T00:42:14.5846097+01:00" />
  <ResultSummary outcome="Failed">
    <Counters total="4" executed="4" passed="3" error="0" failed="1" timeout="0" aborted="0" inconclusive="0" passedButRunAborted="0" notRunnable="0" notExecuted="0" disconnected="0" warning="0" completed="0" inProgress="0" pending="0" />
  </ResultSummary>
  <TestDefinitions>
    <UnitTest name="TestInvaidEmailAndClickSend" storage="c:\users\satya\desktop\seleniumtest\qaworkstest\teststagingsite\bin\debug\teststagingsite.dll" id="445adb9a-fb3b-77ea-5c9d-9c1d8e76c1ba">
      <Execution id="d4785228-989d-4bc7-bf97-966c4ad395c1" />
      <TestMethod codeBase="C:/Users/Satya/Desktop/SeleniumTest/QAWorksTest/TestStagingSite/bin/Debug/TestStagingSite.DLL" adapterTypeName="Microsoft.VisualStudio.TestTools.TestTypes.Unit.UnitTestAdapter, Microsoft.VisualStudio.QualityTools.Tips.UnitTest.Adapter, Version=10.0.0.0, Culture=neutral, PublicKeyToken=b03f5f7f11d50a3a" className="TestStagingSite.TestContactUs, TestStagingSite, Version=1.0.0.0, Culture=neutral, PublicKeyToken=null" name="TestInvaidEmailAndClickSend" />
    </UnitTest>
    <UnitTest name="TestValidSubmission" storage="c:\users\satya\desktop\seleniumtest\qaworkstest\teststagingsite\bin\debug\teststagingsite.dll" id="530facef-20e5-c263-5632-3bbc067df1f9">
      <Execution id="7e629784-d669-456b-a560-00da84e13f0f" />
      <TestMethod codeBase="C:/Users/Satya/Desktop/SeleniumTest/QAWorksTest/TestStagingSite/bin/Debug/TestStagingSite.DLL" adapterTypeName="Microsoft.VisualStudio.TestTools.TestTypes.Unit.UnitTestAdapter, Microsoft.VisualStudio.QualityTools.Tips.UnitTest.Adapter, Version=10.0.0.0, Culture=neutral, PublicKeyToken=b03f5f7f11d50a3a" className="TestStagingSite.TestContactUs, TestStagingSite, Version=1.0.0.0, Culture=neutral, PublicKeyToken=null" name="TestValidSubmission" />
    </UnitTest>
    <UnitTest name="TestEnteringBlankDataAndClickSend" storage="c:\users\satya\desktop\seleniumtest\qaworkstest\teststagingsite\bin\debug\teststagingsite.dll" id="1d4b0824-427d-90b9-7317-152fa2c09ef3">
      <Execution id="b8e62a51-666c-4b3f-848e-fc47d5586ccc" />
      <TestMethod codeBase="C:/Users/Satya/Desktop/SeleniumTest/QAWorksTest/TestStagingSite/bin/Debug/TestStagingSite.DLL" adapterTypeName="Microsoft.VisualStudio.TestTools.TestTypes.Unit.UnitTestAdapter, Microsoft.VisualStudio.QualityTools.Tips.UnitTest.Adapter, Version=10.0.0.0, Culture=neutral, PublicKeyToken=b03f5f7f11d50a3a" className="TestStagingSite.TestContactUs, TestStagingSite, Version=1.0.0.0, Culture=neutral, PublicKeyToken=null" name="TestEnteringBlankDataAndClickSend" />
    </UnitTest>
    <UnitTest name="TestInvaidEmail" storage="c:\users\satya\desktop\seleniumtest\qaworkstest\teststagingsite\bin\debug\teststagingsite.dll" id="40c6c294-cd56-452d-0c3f-a20f2f610c18">
      <Execution id="ec35a693-c7a2-4874-8d5a-299bc77306b6" />
      <TestMethod codeBase="C:/Users/Satya/Desktop/SeleniumTest/QAWorksTest/TestStagingSite/bin/Debug/TestStagingSite.DLL" adapterTypeName="Microsoft.VisualStudio.TestTools.TestTypes.Unit.UnitTestAdapter, Microsoft.VisualStudio.QualityTools.Tips.UnitTest.Adapter, Version=10.0.0.0, Culture=neutral, PublicKeyToken=b03f5f7f11d50a3a" className="TestStagingSite.TestContactUs, TestStagingSite, Version=1.0.0.0, Culture=neutral, PublicKeyToken=null" name="TestInvaidEmail" />
    </UnitTest>
  </TestDefinitions>
  <TestLists>
    <TestList name="Results Not in a List" id="8c84fa94-04c1-424b-9868-57a2d4851a1d" />
    <TestList name="All Loaded Results" id="19431567-8539-422a-85d7-44ee4e166bda" />
  </TestLists>
  <TestEntries>
    <TestEntry testId="530facef-20e5-c263-5632-3bbc067df1f9" executionId="7e629784-d669-456b-a560-00da84e13f0f" testListId="8c84fa94-04c1-424b-9868-57a2d4851a1d" />
    <TestEntry testId="40c6c294-cd56-452d-0c3f-a20f2f610c18" executionId="ec35a693-c7a2-4874-8d5a-299bc77306b6" testListId="8c84fa94-04c1-424b-9868-57a2d4851a1d" />
    <TestEntry testId="1d4b0824-427d-90b9-7317-152fa2c09ef3" executionId="b8e62a51-666c-4b3f-848e-fc47d5586ccc" testListId="8c84fa94-04c1-424b-9868-57a2d4851a1d" />
    <TestEntry testId="445adb9a-fb3b-77ea-5c9d-9c1d8e76c1ba" executionId="d4785228-989d-4bc7-bf97-966c4ad395c1" testListId="8c84fa94-04c1-424b-9868-57a2d4851a1d" />
  </TestEntries>
  <Results>
    <UnitTestResult executionId="7e629784-d669-456b-a560-00da84e13f0f" testId="530facef-20e5-c263-5632-3bbc067df1f9" testName="TestValidSubmission" computerName="MUNNI" duration="00:00:07.3826100" startTime="2015-10-18T00:41:58.3332897+01:00" endTime="2015-10-18T00:42:08.7231160+01:00" testType="13cdc9d9-ddb5-4fa4-a97d-d965ccfc6d4b" outcome="Passed" testListId="8c84fa94-04c1-424b-9868-57a2d4851a1d" relativeResultsDirectory="7e629784-d669-456b-a560-00da84e13f0f">
    </UnitTestResult>
    <UnitTestResult executionId="ec35a693-c7a2-4874-8d5a-299bc77306b6" testId="40c6c294-cd56-452d-0c3f-a20f2f610c18" testName="TestInvaidEmail" computerName="MUNNI" duration="00:00:01.7341030" startTime="2015-10-18T00:42:08.7361254+01:00" endTime="2015-10-18T00:42:10.4767737+01:00" testType="13cdc9d9-ddb5-4fa4-a97d-d965ccfc6d4b" outcome="Passed" testListId="8c84fa94-04c1-424b-9868-57a2d4851a1d" relativeResultsDirectory="ec35a693-c7a2-4874-8d5a-299bc77306b6">
    </UnitTestResult>
    <UnitTestResult executionId="b8e62a51-666c-4b3f-848e-fc47d5586ccc" testId="1d4b0824-427d-90b9-7317-152fa2c09ef3" testName="TestEnteringBlankDataAndClickSend" computerName="MUNNI" duration="00:00:01.7471730" startTime="2015-10-18T00:42:10.4923998+01:00" endTime="2015-10-18T00:42:12.2540823+01:00" testType="13cdc9d9-ddb5-4fa4-a97d-d965ccfc6d4b" outcome="Passed" testListId="8c84fa94-04c1-424b-9868-57a2d4851a1d" relativeResultsDirectory="b8e62a51-666c-4b3f-848e-fc47d5586ccc">
    </UnitTestResult>
    <UnitTestResult executionId="d4785228-989d-4bc7-bf97-966c4ad395c1" testId="445adb9a-fb3b-77ea-5c9d-9c1d8e76c1ba" testName="TestInvaidEmailAndClickSend" computerName="MUNNI" duration="00:00:01.9125511" startTime="2015-10-18T00:42:12.2660903+01:00" endTime="2015-10-18T00:42:14.1888237+01:00" testType="13cdc9d9-ddb5-4fa4-a97d-d965ccfc6d4b" outcome="Failed" testListId="8c84fa94-04c1-424b-9868-57a2d4851a1d" relativeResultsDirectory="d4785228-989d-4bc7-bf97-966c4ad395c1">
      <Output>
        <ErrorInfo>
          <Message>Assert.IsNull failed. Assert.IsTrue failed. Invalid Email Address</Message>
          <StackTrace>   at TestStagingSite.TestContactUs.TestInvaidEmailAndClickSend() in C:\Users\Satya\Desktop\SeleniumTest\QAWorksTest\TestStagingSite\TestContactUs.cs:line 136
</StackTrace>
        </ErrorInfo>
      </Output>
    </UnitTestResult>
  </Results>
</TestRun>